?((/* --------------------------------------------------------------------- ))
?((/* Archivo de definici¢n del AFD a procesar por el programa AFD2REG.LOG  ))
?((/* para la obtensi¢n de una expresi¢n regular equivalente al AFD aqui    ))
?((/* dado. El contenido de este archivo debe ser dado por el usuario,      ))
?((/* seg£n se especifica en los comentarios. Actualmente contiene el AFD   ))
?((/* del ejemplo visto en clase.                                           ))
?((/* --------------------------------------------------------------------- ))

?((/* --------------------------------------------------------------------- ))
?((/* Alfabeto sigma                                                        ))
?((/* --------------------------------------------------------------------- ))

((sigma (0 1)))

?((/* --------------------------------------------------------------------- ))
?((/* Estados Q del AFD                                                     ))
?((/* --------------------------------------------------------------------- ))

((Q (q1 q2 q3)))

?((/* --------------------------------------------------------------------- ))
?((/* Estados finales F del AFD                                             ))
?((/* --------------------------------------------------------------------- ))

((F (q2 q3)))

?((/* --------------------------------------------------------------------- ))
?((/* Clausulas indice que indican el numero del estado correspondiente     ))
?((/* como un entero.                                                       ))
?((/* --------------------------------------------------------------------- ))

((indice q1 1))
((indice q2 2))
((indice q3 3))

?((/* --------------------------------------------------------------------- ))
?((/* Tabla de transiciones para delta, dada como hechos delta.             ))
?((/* --------------------------------------------------------------------- ))

((delta q1 0 q2))
((delta q1 1 q3))
((delta q2 0 q1))
((delta q2 1 q3))
((delta q3 0 q2))
((delta q3 1 q2))

?((/* ------------------- Fin del Archivo deltas.log ---------------------- ))