?((/* Programa AFN-E.LOG: Automata Finito No-Deterministico con movimientos ))
?((/* Epsilon.                                                              ))
?((/* Realizado por: Rodolfo Gonz lez Gonz lez.                             ))

?((/* --------------------------------------------------------------------- ))
?((/* Este programa lleva a cabo un AFN-E, comprobando si una cadena es     ))
?((/* aceptada. De Q, sigma y F como hechos, ver ejemplo. De la tabla de    ))
?((/* transiciones como hechos estado. Haga la consulta con la clausula     ))
?((/* fdelta, con el estado inicial q0 y la cadena a verificar en forma de  ))
?((/* lista.                                                                ))
?((/* --------------------------------------------------------------------- ))

?((/* carga rutinas para manipulacion general de listas                     ))

?((LOAD listas))

?((/* clausulas para obtener la CERRADURA-epsilon de un conjunto de estados ))

((CERR2-e (x1|x2) z)
    (estado x1 () z1)
    (CERR2-e z1 z2)
    (union z1 z2 z3)
    (union (x1) z3 z))
((CERR2-e () ()))

((CERR1-e (x1|x2) z)
    (CERR2-e (x1) z1)
    (CERR1-e x2 z2)
    (union z1 z2 z))
((CERR1-e () ()))

?((/* clausulas para resolver un AFN                                        ))

((delta1 x (y|y1) z)
    (delta2 x y z1)
    (CERR1-e z1 z2)
    (delta1 z2 y1 z))
((delta1 x () x))

((delta2 (x|x1) y z)
    (estado x y z2)
    (delta2 x1 y z3)
    (union z2 z3 z))
((delta2 () y ()))

?((/* clausula para hacer la consulta                                       ))

((fdelta x y)
    (CERR1-e (x) x1)
    (delta1 x1 y z)
    (F z1)
    (interseccion z z1 z2)
    (NOT EQ z2 ())
    (PP Estados a los que se llego: z)
    (PP Estado final: z2))