((Q (q0 q1 q2 q3 q4 q5 q6 q7 q8 q9 q10 q11 q12 q13)))

((sigma (0 1)))

((delta q0 0 q8))
((delta q0 1 q11))
((delta q1 0 q6))
((delta q1 1 q9))
((delta q2 0 q6))
((delta q2 1 q10))
((delta q3 0 q7))
((delta q3 1 q10))
((delta q4 0 q8))
((delta q4 1 q11))
((delta q5 0 q8))
((delta q5 1 q11))
((delta q6 0 q13))
((delta q6 1 q12))
((delta q7 0 q6))
((delta q7 1 q9))
((delta q8 0 q6))
((delta q8 1 q9))
((delta q9 0 q12))
((delta q9 1 q10))
((delta q10 0 q6))
((delta q10 1 q10))
((delta q11 0 q6))
((delta q11 1 q10))
((delta q12 0 q13))
((delta q12 1 q10))
((delta q13 0 q13))
((delta q13 1 q12))

((F (q5 q10 q13 q12)))

((lambda q0 C))
((lambda q1 C))
((lambda q2 C))
((lambda q3 C))
((lambda q4 C))
((lambda q5 D))
((lambda q6 C))
((lambda q7 C))
((lambda q8 C))
((lambda q9 C))
((lambda q10 D))
((lambda q11 C))
((lambda q12 D))
((lambda q13 D))