?((/* Automata Finito                          ))
?((/* Realizado por: Rodolfo Gonzalez Gonzalez ))
?((/* 3/Septiembre/1996                        ))

?((/* De la tabla de transiciones como clausulas delta,     ))
?((/* el alfabeto como una clausula sigma, con los simbolos ))
?((/* en una lista, los estados como la clausula Q, con los ))
?((/* estados en una lista, y los estados finales como la   ))
?((/* clausula F con una lista de estados finales           ))

((pertenece x (x|y)))
((pertenece x (y|x1))
   (pertenece x x1))

((delta x () x)
    (F z12)
    (pertenece x z12)
    (PP La cadena de entrada si pertenece al lenguaje)
    (PP Estado final al que se llego es: x)
)
((delta x (z1|z2) y)
    (Q z10)
    (pertenece x z10)
    (sigma z11)
    (pertenece z1 z11)
    (delta x z1 y)
    (delta y z2 y1))