?((/* Ejemplo del programa AFN                 ))
?((/* Realizado por: Rodolfo Gonzalez Gonzalez ))

?((/* Ejemplifica el uso del programa AFN.LOG  ))

((pertenece x (x|y)))
((pertenece x (y|x1))
   (pertenece x x1))

((sigma (0 1)))

((Q (q0 q1 q2 q3 q4)))

((F (q2 q4)))

((delta q0 0 q0))
((delta q0 0 q3))
((delta q0 1 q0))
((delta q0 1 q1))
((delta q1 0 ()))
((delta q1 1 q2))
((delta q2 0 q2))
((delta q2 1 q2))
((delta q3 0 q4))
((delta q3 1 ()))
((delta q4 0 q4))
((delta q4 1 q4))

((delta x (z1|z2) y)
    (Q z10)
    (pertenece x z10)
    (sigma z11)
    (pertenece z1 z11)
    (delta x z1 y)
    (delta y z2 y1)
)

((delta x () x)
    (F z12)
    (pertenece x z12)
    (PP La cadena de entrada si pertenece al lenguaje)
    (PP Estado final al que se llego es: x))