?((/*    Ejemplo del uso del programa AFN-E a AFN, AFNE2AFN.LOG             ))
?((/* Realizado por: Rodolfo Gonzalez Gonzalez.                             ))

?((/* --------------------------------------------------------------------- ))
?((/* Este programa ejemplifica el uso del programa AFNE2AFN.LOG para hallar))
?((/* el AFN equivalente a un AFN con movimientos epsilon dado por el       ))
?((/* usuario.                                                              ))
?((/* --------------------------------------------------------------------- ))

?((LOAD listas))

?((/* --------------------------------------------------------------------- ))
?((/* hechos que definen un AFN con movimientos epsilon. Estos son dados por))
?((/* el usuario.                                                           ))
?((/* --------------------------------------------------------------------- ))

((Q (q0 q1 q2)))

((sigma (0 1 2)))

((F (q2)))

((estado q0 0 (q0)))
((estado q0 1 ()))
((estado q0 2 ()))
((estado q0 () (q1)))
((estado q1 0 ()))
((estado q1 1 (q1)))
((estado q1 2 ()))
((estado q1 () (q2)))
((estado q2 0 ()))
((estado q2 1 ()))
((estado q2 2 (q2)))
((estado q2 () ()))

?((/* --------------------------------------------------------------------- ))
?((/* clausulas para obtener la CERRADURA-epsilon de un conjunto de estados ))
?((/* --------------------------------------------------------------------- ))

((CERR2-e (x1|x2) z)
    (estado x1 () z1)
    (CERR2-e z1 z2)
    (union z1 z2 z3)
    (union (x1) z3 z))
((CERR2-e () ()))

((CERR1-e (x1|x2) z)
    (CERR2-e (x1) z1)
    (CERR1-e x2 z2)
    (union z1 z2 z))
((CERR1-e () ()))

?((/* --------------------------------------------------------------------- ))
?((/* clausulas para resolver un AFN                                        ))
?((/* --------------------------------------------------------------------- ))

((delta2 (x|x1) y z)
    (estado x y z2)
    (delta2 x1 y z3)
    (union z2 z3 z))
((delta2 () y ()))

?((/* --------------------------------------------------------------------- ))
?((/* clausulas para hallar F prima                                         ))
?((/* --------------------------------------------------------------------- ))

((halla-F-prima x y)
    (CERR1-e (x) z1)
    (F z2)
    (interseccion z1 z2 z3)
    (NOT EQ z3 ())
    (union (x) z2 y))
((halla-F-prima x y)
    (F y))

?((/* --------------------------------------------------------------------- ))
?((/* clausulas para hallar delta prima                                     ))
?((/* --------------------------------------------------------------------- ))

((halla-delta-prima x (y1|y2))
    (d1 x y1)
    (halla-delta-prima x y2))
((halla-delta-prima x ()))

((d1 (x1|x2) y)
    (CERR1-e (x1) z1)
    (delta2 z1 y z2)
    (CERR1-e z2 z3)
    (ADDCL ((delta-prima x1 y z3)))
    (d1 x2 y))
((d1 () y))

?((/* --------------------------------------------------------------------- ))
?((/* clausula para hacer la consulta, d‚ el estado inicial q0              ))
?((/* --------------------------------------------------------------------- ))

((afne2afn x)
    (PP AFN equivalente al AFN-E dado:)
    (Q z1)
    (PP Q para el AFN es: z1)
    (sigma z2)
    (PP sigma para el AFN es: z2)
    (PP q0 para el AFN es: x)
    (F z3)
    (halla-F-prima x z4)
    (PP F prima para el AFN es: z4)
    (halla-delta-prima z1 z2)
    (PP delta prima para el AFn es:)
    (LIST delta-prima))