?((/* Programa AFN version 2.0                     ))
?((/* Automata Finito No-deterministico.           ))
?((/* Realizado por: Rodolfo Gonz lez Gonz lez     ))

?((/* Escriba la tabla de transiciones como una base de hechos "estado",    ))
?((/* (ver ejemplo anexo). Haga lo mismo con los hechos Q, F y sigma, aunque))
?((/* Q y sigma no son indispensables. Haga la consulta con la relacion     ))
?((/* fdelta, de la siguiente forma: "?((fdelta q0 (0 1 0 0 1)))", dando el ))
?((/* estado inicial y la lista con los simbolos de la cadena a analizar.   ))

((pertenece x (x|y)))
((pertenece x (y|x1))
   (pertenece x x1))

((union () y y))
((union (x1|x2) y z)
   (pertenece x1 y)
   (union x2 y z))
((union (x1|x2) y (x1|z1))
   (NOT pertenece x1 y)
   (union x2 y z1))

((interseccion () y ()))
((interseccion (x|x1) y (x|z))
   (pertenece x y)
   (interseccion x1 y z))
((interseccion (x|x1) y z1)
   (NOT pertenece x y)
   (interseccion x1 y z1))

((fdelta x y)
    (delta1 (x) y z)
    (F z1)
    (interseccion z z1 z2)
    (NOT EQ z2 ())
    (PP Estados a los que se llego: z)
    (PP Estado final: z2))

((delta1 x (y|y1) z)
    (delta2 x y z1)
    (delta1 z1 y1 z))
((delta1 x () x))

((delta2 (x|x1) y z)
    (estado x y z2)
    (delta2 x1 y z3)
    (union z2 z3 z))
((delta2 () y ()))