?((/* Programa AFN.LOG                         ))
?((/* Aut¢mata finito no-determin¡stico.       ))
?((/* Realizado por: Rodolfo Gonzalez Gonzalez ))

?((/* D‚ la tabla de trancisiones como hechos, donde a cada elemento del   ))
?((/* conjunto de simbolos a los que se llega tras aceptar un s¡mbolo le   ))
?((/* corresponde un hecho independiente.                                  ))
?((/* D‚ el alfabeto sigma como un hecho. Proceda analogamente con Q y F.  ))

((pertenece x (x|y)))
((pertenece x (y|x1))
   (pertenece x x1))

((delta x (z1|z2) y)
    (Q z10)
    (pertenece x z10)
    (sigma z11)
    (pertenece z1 z11)
    (delta x z1 y)
    (delta y z2 y1)
)

((delta x () x)
    (F z12)
    (pertenece x z12)
    (PP La cadena de entrada si pertenece al lenguaje)
    (PP Estado final al que se llego es: x))